2026-07-20 20:56:03.786 [main] [] INFO  c.examprep.config.AppContextListener - Starting Exam Prep App
2026-07-20 20:56:03.810 [main] [] INFO  com.zaxxer.hikari.HikariDataSource - HikariPool-1 - Starting...
2026-07-20 20:56:04.395 [main] [] INFO  com.zaxxer.hikari.pool.HikariPool - HikariPool-1 - Added connection conn0: url=jdbc:h2:file:./data/examprep user=SA
2026-07-20 20:56:04.403 [main] [] INFO  com.zaxxer.hikari.HikariDataSource - HikariPool-1 - Start completed.
2026-07-20 20:56:04.503 [main] [] INFO  c.examprep.config.AppContextListener - Exam Prep App ready
2026-07-20 20:56:21.392 [http-nio-8080-exec-1] [1ce45474] DEBUG c.e.filter.RequestLoggingFilter - → GET /
2026-07-20 20:56:23.053 [http-nio-8080-exec-1] [1ce45474] DEBUG c.e.filter.RequestLoggingFilter - ← GET / (1661 ms)
2026-07-20 20:56:23.068 [http-nio-8080-exec-2] [94edd7a6] DEBUG c.e.filter.RequestLoggingFilter - → GET /admin/dashboard;jsessionid=8819E9C671DE58D5367DCEF1FFF7F2F9
2026-07-20 20:56:23.377 [http-nio-8080-exec-2] [94edd7a6] DEBUG c.e.filter.RequestLoggingFilter - ← GET /admin/dashboard;jsessionid=8819E9C671DE58D5367DCEF1FFF7F2F9 (309 ms)
2026-07-20 20:56:23.400 [http-nio-8080-exec-3] [f311f772] DEBUG c.e.filter.RequestLoggingFilter - → GET /css/app.css
2026-07-20 20:56:23.408 [http-nio-8080-exec-3] [f311f772] DEBUG c.e.filter.RequestLoggingFilter - ← GET /css/app.css (8 ms)
2026-07-20 20:56:23.478 [http-nio-8080-exec-4] [b0195a6c] DEBUG c.e.filter.RequestLoggingFilter - → GET /favicon.ico
2026-07-20 20:56:23.481 [http-nio-8080-exec-4] [b0195a6c] DEBUG c.e.filter.RequestLoggingFilter - ← GET /favicon.ico (3 ms)
2026-07-20 20:56:26.269 [http-nio-8080-exec-5] [a871d5b0] DEBUG c.e.filter.RequestLoggingFilter - → GET /logout
2026-07-20 20:56:26.272 [http-nio-8080-exec-5] [a871d5b0] INFO  c.e.servlet.auth.LogoutServlet - User admin logged out
2026-07-20 20:56:26.273 [http-nio-8080-exec-5] [a871d5b0] DEBUG c.e.filter.RequestLoggingFilter - ← GET /logout (4 ms)
2026-07-20 20:56:26.277 [http-nio-8080-exec-6] [1d765d4b] DEBUG c.e.filter.RequestLoggingFilter - → GET /login
2026-07-20 20:56:26.489 [http-nio-8080-exec-6] [1d765d4b] DEBUG c.e.filter.RequestLoggingFilter - ← GET /login (212 ms)
2026-07-20 20:56:26.515 [http-nio-8080-exec-7] [32563c5f] DEBUG c.e.filter.RequestLoggingFilter - → GET /css/app.css
2026-07-20 20:56:26.517 [http-nio-8080-exec-7] [32563c5f] DEBUG c.e.filter.RequestLoggingFilter - ← GET /css/app.css (2 ms)
2026-07-20 20:56:32.578 [http-nio-8080-exec-8] [6e37dc5d] DEBUG c.e.filter.RequestLoggingFilter - → POST /login
2026-07-20 20:56:32.579 [http-nio-8080-exec-8] [6e37dc5d] DEBUG c.examprep.servlet.auth.LoginServlet - Authenticating username=admin
2026-07-20 20:56:32.785 [http-nio-8080-exec-8] [6e37dc5d] INFO  c.examprep.servlet.auth.LoginServlet - User admin logged in as ADMIN
2026-07-20 20:56:32.785 [http-nio-8080-exec-8] [6e37dc5d] DEBUG c.e.filter.RequestLoggingFilter - ← POST /login (207 ms)
2026-07-20 20:56:32.788 [http-nio-8080-exec-9] [d0f80627] DEBUG c.e.filter.RequestLoggingFilter - → GET /admin/dashboard
2026-07-20 20:56:32.799 [http-nio-8080-exec-9] [d0f80627] DEBUG c.e.filter.RequestLoggingFilter - ← GET /admin/dashboard (11 ms)
2026-07-20 20:56:32.821 [http-nio-8080-exec-10] [36d117d4] DEBUG c.e.filter.RequestLoggingFilter - → GET /css/app.css
2026-07-20 20:56:32.824 [http-nio-8080-exec-10] [36d117d4] DEBUG c.e.filter.RequestLoggingFilter - ← GET /css/app.css (3 ms)
2026-07-20 20:56:39.399 [http-nio-8080-exec-1] [98484978] DEBUG c.e.filter.RequestLoggingFilter - → GET /admin/questions
2026-07-20 20:56:39.701 [http-nio-8080-exec-1] [98484978] DEBUG c.e.filter.RequestLoggingFilter - ← GET /admin/questions (302 ms)
2026-07-20 20:56:39.723 [http-nio-8080-exec-2] [ff5956b3] DEBUG c.e.filter.RequestLoggingFilter - → GET /css/app.css
2026-07-20 20:56:39.727 [http-nio-8080-exec-2] [ff5956b3] DEBUG c.e.filter.RequestLoggingFilter - ← GET /css/app.css (4 ms)
2026-07-20 20:57:11.349 [http-nio-8080-exec-3] [d13358d1] DEBUG c.e.filter.RequestLoggingFilter - → GET /admin/questions
2026-07-20 20:57:11.361 [http-nio-8080-exec-3] [d13358d1] DEBUG c.e.filter.RequestLoggingFilter - ← GET /admin/questions (12 ms)
2026-07-20 20:57:11.378 [http-nio-8080-exec-4] [3718ec46] DEBUG c.e.filter.RequestLoggingFilter - → GET /css/app.css
2026-07-20 20:57:11.380 [http-nio-8080-exec-4] [3718ec46] DEBUG c.e.filter.RequestLoggingFilter - ← GET /css/app.css (2 ms)
2026-07-20 20:57:13.206 [http-nio-8080-exec-5] [37337b80] DEBUG c.e.filter.RequestLoggingFilter - → GET /admin/questions
2026-07-20 20:57:13.209 [http-nio-8080-exec-5] [37337b80] DEBUG c.e.filter.RequestLoggingFilter - ← GET /admin/questions (3 ms)
2026-07-20 20:57:15.706 [http-nio-8080-exec-6] [75588821] DEBUG c.e.filter.RequestLoggingFilter - → GET /admin/questions
2026-07-20 20:57:15.712 [http-nio-8080-exec-6] [75588821] DEBUG c.e.filter.RequestLoggingFilter - ← GET /admin/questions (6 ms)
2026-07-20 21:02:46.121 [http-nio-8080-exec-9] [6a31188a] DEBUG c.e.filter.RequestLoggingFilter - → GET /api/access-tokens
2026-07-20 21:02:46.121 [http-nio-8080-exec-9] [6a31188a] DEBUG c.e.filter.RequestLoggingFilter - ← GET /api/access-tokens (0 ms)
2026-07-20 21:07:44.717 [http-nio-8080-exec-2] [230c2e30] DEBUG c.e.filter.RequestLoggingFilter - → POST /api/access-tokens
2026-07-20 21:07:44.723 [http-nio-8080-exec-2] [230c2e30] WARN  c.e.s.api.CreateAccessTokenServlet - Invalid access-token create request: Provide expiresAt or durationDays
2026-07-20 21:07:44.723 [http-nio-8080-exec-2] [230c2e30] DEBUG c.e.filter.RequestLoggingFilter - ← POST /api/access-tokens (6 ms)
2026-07-20 21:08:25.217 [http-nio-8080-exec-4] [20b06712] DEBUG c.e.filter.RequestLoggingFilter - → POST /api/access-tokens
2026-07-20 21:08:25.232 [http-nio-8080-exec-4] [20b06712] INFO  c.e.service.AccessGrantService - Created access grant id=1 expiresAt=2026-08-19T21:08:25
2026-07-20 21:08:25.234 [http-nio-8080-exec-4] [20b06712] INFO  c.e.s.api.CreateAccessTokenServlet - Created access token id=1 planCode=standard sourceRef=order_123 expiresAt=2026-08-19T21:08:25
2026-07-20 21:08:25.234 [http-nio-8080-exec-4] [20b06712] DEBUG c.e.filter.RequestLoggingFilter - ← POST /api/access-tokens (17 ms)
2026-07-20 21:23:13.446 [http-nio-8080-exec-6] [1bb37297] DEBUG c.e.filter.RequestLoggingFilter - → GET /logout
2026-07-20 21:23:13.448 [http-nio-8080-exec-6] [1bb37297] INFO  c.e.servlet.auth.LogoutServlet - User admin logged out
2026-07-20 21:23:13.448 [http-nio-8080-exec-6] [1bb37297] DEBUG c.e.filter.RequestLoggingFilter - ← GET /logout (2 ms)
2026-07-20 21:23:13.451 [http-nio-8080-exec-7] [5dbfda69] DEBUG c.e.filter.RequestLoggingFilter - → GET /login
2026-07-20 21:23:13.457 [http-nio-8080-exec-7] [5dbfda69] DEBUG c.e.filter.RequestLoggingFilter - ← GET /login (6 ms)
2026-07-20 21:23:13.473 [http-nio-8080-exec-8] [441def71] DEBUG c.e.filter.RequestLoggingFilter - → GET /css/app.css
2026-07-20 21:23:13.475 [http-nio-8080-exec-8] [441def71] DEBUG c.e.filter.RequestLoggingFilter - ← GET /css/app.css (2 ms)
2026-07-20 21:23:20.097 [http-nio-8080-exec-9] [388bdcfe] DEBUG c.e.filter.RequestLoggingFilter - → GET /register
2026-07-20 21:23:20.305 [http-nio-8080-exec-9] [388bdcfe] DEBUG c.e.filter.RequestLoggingFilter - ← GET /register (208 ms)
2026-07-20 21:24:19.815 [http-nio-8080-exec-1] [b4f1a512] DEBUG c.e.filter.RequestLoggingFilter - → GET /
2026-07-20 21:24:19.818 [http-nio-8080-exec-1] [b4f1a512] DEBUG c.e.filter.RequestLoggingFilter - ← GET / (3 ms)
2026-07-20 21:24:19.822 [http-nio-8080-exec-2] [a7f7dd14] DEBUG c.e.filter.RequestLoggingFilter - → GET /login
2026-07-20 21:24:19.828 [http-nio-8080-exec-2] [a7f7dd14] DEBUG c.e.filter.RequestLoggingFilter - ← GET /login (6 ms)
2026-07-20 21:24:31.252 [http-nio-8080-exec-3] [f9d805b9] DEBUG c.e.filter.RequestLoggingFilter - → GET /register
2026-07-20 21:24:31.254 [http-nio-8080-exec-3] [f9d805b9] WARN  c.e.servlet.auth.RegisterServlet - Invalid registration token on GET: Invalid access token
2026-07-20 21:24:31.264 [http-nio-8080-exec-3] [f9d805b9] DEBUG c.e.filter.RequestLoggingFilter - ← GET /register (12 ms)
2026-07-20 21:33:09.279 [http-nio-8080-exec-6] [2fcccff7] DEBUG c.e.filter.RequestLoggingFilter - → GET /register
2026-07-20 21:33:09.285 [http-nio-8080-exec-6] [2fcccff7] DEBUG c.e.filter.RequestLoggingFilter - ← GET /register (6 ms)
2026-07-20 21:33:09.301 [http-nio-8080-exec-7] [b564f9a0] DEBUG c.e.filter.RequestLoggingFilter - → GET /css/app.css
2026-07-20 21:33:09.303 [http-nio-8080-exec-7] [b564f9a0] DEBUG c.e.filter.RequestLoggingFilter - ← GET /css/app.css (2 ms)
2026-07-20 21:33:25.772 [http-nio-8080-exec-8] [1a8176a9] DEBUG c.e.filter.RequestLoggingFilter - → POST /register
2026-07-20 21:33:25.773 [http-nio-8080-exec-8] [1a8176a9] DEBUG c.e.servlet.auth.RegisterServlet - Registering username=karlarboiz email=dickensallinone@gmail.com
2026-07-20 21:33:25.837 [http-nio-8080-exec-8] [1a8176a9] INFO  c.e.service.AccessGrantService - Redeemed access grant id=1 for user=karlarboiz
2026-07-20 21:33:25.838 [http-nio-8080-exec-8] [1a8176a9] INFO  c.e.servlet.auth.RegisterServlet - Registered and logged in user=karlarboiz
2026-07-20 21:33:25.839 [http-nio-8080-exec-8] [1a8176a9] DEBUG c.e.filter.RequestLoggingFilter - ← POST /register (67 ms)
2026-07-20 21:33:25.847 [http-nio-8080-exec-9] [e6129253] DEBUG c.e.filter.RequestLoggingFilter - → GET /user/dashboard
2026-07-20 21:33:26.057 [http-nio-8080-exec-9] [e6129253] DEBUG c.e.filter.RequestLoggingFilter - ← GET /user/dashboard (210 ms)
2026-07-20 21:33:32.950 [http-nio-8080-exec-10] [e6f00a03] DEBUG c.e.filter.RequestLoggingFilter - → GET /user/exam
2026-07-20 21:33:32.960 [http-nio-8080-exec-10] [e6f00a03] INFO  c.e.servlet.user.TakeExamServlet - User karlarboiz started examId=1 attemptId=1
2026-07-20 21:33:32.960 [http-nio-8080-exec-10] [e6f00a03] DEBUG c.e.filter.RequestLoggingFilter - ← GET /user/exam (10 ms)
2026-07-20 21:33:32.964 [http-nio-8080-exec-1] [9d7574cd] DEBUG c.e.filter.RequestLoggingFilter - → GET /user/exam
2026-07-20 21:33:33.171 [http-nio-8080-exec-1] [9d7574cd] DEBUG c.e.filter.RequestLoggingFilter - ← GET /user/exam (207 ms)
2026-07-20 21:33:35.117 [http-nio-8080-exec-2] [7f2e0681] DEBUG c.e.filter.RequestLoggingFilter - → POST /user/exam
2026-07-20 21:33:35.121 [http-nio-8080-exec-2] [7f2e0681] DEBUG c.e.servlet.user.TakeExamServlet - Saved answer attemptId=1 questionId=1
2026-07-20 21:33:35.129 [http-nio-8080-exec-2] [7f2e0681] DEBUG c.e.filter.RequestLoggingFilter - ← POST /user/exam (12 ms)
2026-07-20 21:33:42.947 [http-nio-8080-exec-3] [c2d93ce6] DEBUG c.e.filter.RequestLoggingFilter - → POST /user/exam
2026-07-20 21:33:42.950 [http-nio-8080-exec-3] [c2d93ce6] DEBUG c.e.servlet.user.TakeExamServlet - Saved answer attemptId=1 questionId=2
2026-07-20 21:33:42.957 [http-nio-8080-exec-3] [c2d93ce6] DEBUG c.e.filter.RequestLoggingFilter - ← POST /user/exam (10 ms)
2026-07-20 21:33:45.824 [http-nio-8080-exec-4] [b73bf8c2] DEBUG c.e.filter.RequestLoggingFilter - → POST /user/exam
2026-07-20 21:33:45.827 [http-nio-8080-exec-4] [b73bf8c2] DEBUG c.e.servlet.user.TakeExamServlet - Saved answer attemptId=1 questionId=3
2026-07-20 21:33:45.828 [http-nio-8080-exec-4] [b73bf8c2] DEBUG c.e.filter.RequestLoggingFilter - ← POST /user/exam (4 ms)
2026-07-20 21:33:49.616 [http-nio-8080-exec-5] [39a08961] DEBUG c.e.filter.RequestLoggingFilter - → POST /user/exam
2026-07-20 21:33:49.619 [http-nio-8080-exec-5] [39a08961] DEBUG c.e.servlet.user.TakeExamServlet - Saved answer attemptId=1 questionId=4
2026-07-20 21:33:49.625 [http-nio-8080-exec-5] [39a08961] DEBUG c.e.filter.RequestLoggingFilter - ← POST /user/exam (9 ms)
2026-07-20 21:35:48.878 [http-nio-8080-exec-8] [bb8e4c38] DEBUG c.e.filter.RequestLoggingFilter - → POST /user/exam
2026-07-20 21:35:48.881 [http-nio-8080-exec-8] [bb8e4c38] DEBUG c.e.servlet.user.TakeExamServlet - Saved answer attemptId=1 questionId=5
2026-07-20 21:35:48.888 [http-nio-8080-exec-8] [bb8e4c38] DEBUG c.e.filter.RequestLoggingFilter - ← POST /user/exam (10 ms)
2026-07-20 21:35:53.251 [http-nio-8080-exec-9] [097d794e] DEBUG c.e.filter.RequestLoggingFilter - → POST /user/exam
2026-07-20 21:35:53.258 [http-nio-8080-exec-9] [097d794e] INFO  c.e.servlet.user.TakeExamServlet - User karlarboiz submitted attemptId=1 scorePercent=0.00
2026-07-20 21:35:53.259 [http-nio-8080-exec-9] [097d794e] DEBUG c.e.filter.RequestLoggingFilter - ← POST /user/exam (8 ms)
2026-07-20 21:35:53.262 [http-nio-8080-exec-10] [ccfce1a6] DEBUG c.e.filter.RequestLoggingFilter - → GET /user/result
2026-07-20 21:35:53.529 [http-nio-8080-exec-10] [ccfce1a6] DEBUG c.e.filter.RequestLoggingFilter - ← GET /user/result (267 ms)
2026-07-20 21:36:00.726 [http-nio-8080-exec-1] [fc6962aa] DEBUG c.e.filter.RequestLoggingFilter - → GET /user/dashboard
2026-07-20 21:36:00.736 [http-nio-8080-exec-1] [fc6962aa] DEBUG c.e.filter.RequestLoggingFilter - ← GET /user/dashboard (10 ms)
